[debug] [2024-04-30T20:00:44.480Z] ----------------------------------------------------------------------
[debug] [2024-04-30T20:00:44.481Z] Command:       /Users/nasridinrovfurkatjon/.nvm/versions/node/v18.19.0/bin/node /Users/nasridinrovfurkatjon/.nvm/versions/node/v18.19.0/bin/firebase init
[debug] [2024-04-30T20:00:44.481Z] CLI Version:   13.7.1
[debug] [2024-04-30T20:00:44.481Z] Platform:      darwin
[debug] [2024-04-30T20:00:44.481Z] Node Version:  v18.19.0
[debug] [2024-04-30T20:00:44.482Z] Time:          Wed May 01 2024 01:00:44 GMT+0500 (Tajikistan Time)
[debug] [2024-04-30T20:00:44.482Z] ----------------------------------------------------------------------
[debug] 
[debug] [2024-04-30T20:00:44.483Z] >>> [apiv2][query] GET https://firebase-public.firebaseio.com/cli.json [none]
[debug] [2024-04-30T20:00:44.506Z] > command requires scopes: ["email","openid","https://www.googleapis.com/auth/cloudplatformprojects.readonly","https://www.googleapis.com/auth/firebase","https://www.googleapis.com/auth/cloud-platform"]
[debug] [2024-04-30T20:00:44.506Z] > authorizing via signed-in user (nasridinovvv17@gmail.com)
[info] 
     ######## #### ########  ######## ########     ###     ######  ########
     ##        ##  ##     ## ##       ##     ##  ##   ##  ##       ##
     ######    ##  ########  ######   ########  #########  ######  ######
     ##        ##  ##    ##  ##       ##     ## ##     ##       ## ##
     ##       #### ##     ## ######## ########  ##     ##  ######  ########

You're about to initialize a Firebase project in this directory:

  /Users/nasridinrovfurkatjon/development/react/admin_myfit

[debug] [2024-04-30T20:00:45.611Z] <<< [apiv2][status] GET https://firebase-public.firebaseio.com/cli.json 200
[debug] [2024-04-30T20:00:45.612Z] <<< [apiv2][body] GET https://firebase-public.firebaseio.com/cli.json {"cloudBuildErrorAfter":1594252800000,"cloudBuildWarnAfter":1590019200000,"defaultNode10After":1594252800000,"minVersion":"3.0.5","node8DeploysDisabledAfter":1613390400000,"node8RuntimeDisabledAfter":1615809600000,"node8WarnAfter":1600128000000}
